  generator.cpp
..\code\generator.cpp(212,13): warning C4244: 'inicializando': conversão de 'double' para 'float', possível perda de dados
..\code\generator.cpp(255,20): warning C4244: 'inicializando': conversão de 'double' para 'float', possível perda de dados
..\code\generator.cpp(256,20): warning C4244: 'inicializando': conversão de 'double' para 'float', possível perda de dados
..\code\generator.cpp(261,20): warning C4244: 'inicializando': conversão de 'double' para 'float', possível perda de dados
..\code\generator.cpp(262,20): warning C4244: 'inicializando': conversão de 'double' para 'float', possível perda de dados
..\code\generator.cpp(267,17): warning C4244: 'inicializando': conversão de 'double' para 'float', possível perda de dados
..\code\generator.cpp(268,17): warning C4244: 'inicializando': conversão de 'double' para 'float', possível perda de dados
..\code\generator.cpp(269,17): warning C4244: 'inicializando': conversão de 'double' para 'float', possível perda de dados
..\code\generator.cpp(274,17): warning C4244: 'inicializando': conversão de 'double' para 'float', possível perda de dados
..\code\generator.cpp(275,17): warning C4244: 'inicializando': conversão de 'double' para 'float', possível perda de dados
..\code\generator.cpp(276,17): warning C4244: 'inicializando': conversão de 'double' para 'float', possível perda de dados
..\code\generator.cpp(277,17): warning C4244: 'inicializando': conversão de 'double' para 'float', possível perda de dados
  main.cpp
C:\Users\Marta\Desktop\CG2023\Fase 1\Generator\code\main.cpp(253,26): warning C4101: 'theta': variável local não referenciada
C:\Users\Marta\Desktop\CG2023\Fase 1\Generator\code\main.cpp(253,19): warning C4101: 'alpha': variável local não referenciada
  Gerando Código...
  LINK : C:\Users\Marta\Desktop\CG2023\Fase 1\Generator\build\Debug\class3.exe não encontrado ou não compilado pelo o último link incremental; executando link completo
main.obj : error LNK2005: _main já definida no generator.obj
C:\Users\Marta\Desktop\CG2023\Fase 1\Generator\build\Debug\class3.exe : fatal error LNK1169: encontrados um ou mais símbolos múltiplos definidos
